-------------------------------------------------------------------------------
Test set: com.taskmanager.service.ProjectServiceTest
-------------------------------------------------------------------------------
Tests run: 18, Failures: 1, Errors: 6, Skipped: 0, Time elapsed: 8.403 s <<< FAILURE! -- in com.taskmanager.service.ProjectServiceTest
com.taskmanager.service.ProjectServiceTest.getUserProjects_WithNoProjects_ShouldReturnEmptyList -- Time elapsed: 7.619 s <<< ERROR!
java.lang.NullPointerException: Cannot invoke "com.taskmanager.mapper.ProjectMapper.toResponseList(java.util.List)" because "this.projectMapper" is null
	at com.taskmanager.service.ProjectService.getUserProjects(ProjectService.java:50)
	at com.taskmanager.service.ProjectServiceTest.getUserProjects_WithNoProjects_ShouldReturnEmptyList(ProjectServiceTest.java:180)
	at java.base/java.lang.reflect.Method.invoke(Method.java:568)
	at java.base/java.util.ArrayList.forEach(ArrayList.java:1511)
	at java.base/java.util.ArrayList.forEach(ArrayList.java:1511)

com.taskmanager.service.ProjectServiceTest.createProject_WhenRepositoryThrowsException_ShouldPropagateException -- Time elapsed: 0.100 s <<< FAILURE!
Wanted but not invoked:
projectRepository.save(
    <any com.taskmanager.model.Project>
);
-> at com.taskmanager.service.ProjectServiceTest.createProject_WhenRepositoryThrowsException_ShouldPropagateException(ProjectServiceTest.java:394)
Actually, there were zero interactions with this mock.

	at com.taskmanager.service.ProjectServiceTest.createProject_WhenRepositoryThrowsException_ShouldPropagateException(ProjectServiceTest.java:394)
	at java.base/java.lang.reflect.Method.invoke(Method.java:568)
	at java.base/java.util.ArrayList.forEach(ArrayList.java:1511)
	at java.base/java.util.ArrayList.forEach(ArrayList.java:1511)

com.taskmanager.service.ProjectServiceTest.createProject_WithNullTitle_ShouldStillCreate -- Time elapsed: 0.017 s <<< ERROR!
java.lang.NullPointerException: Cannot invoke "com.taskmanager.mapper.ProjectMapper.toEntity(com.taskmanager.dto.ProjectRequest, com.taskmanager.model.User)" because "this.projectMapper" is null
	at com.taskmanager.service.ProjectService.createProject(ProjectService.java:40)
	at com.taskmanager.service.ProjectServiceTest.createProject_WithNullTitle_ShouldStillCreate(ProjectServiceTest.java:109)
	at java.base/java.lang.reflect.Method.invoke(Method.java:568)
	at java.base/java.util.ArrayList.forEach(ArrayList.java:1511)
	at java.base/java.util.ArrayList.forEach(ArrayList.java:1511)

com.taskmanager.service.ProjectServiceTest.getUserProjects_WithValidUser_ShouldReturnProjects -- Time elapsed: 0.010 s <<< ERROR!
java.lang.NullPointerException: Cannot invoke "com.taskmanager.mapper.ProjectMapper.toResponseList(java.util.List)" because "this.projectMapper" is null
	at com.taskmanager.service.ProjectService.getUserProjects(ProjectService.java:50)
	at com.taskmanager.service.ProjectServiceTest.getUserProjects_WithValidUser_ShouldReturnProjects(ProjectServiceTest.java:148)
	at java.base/java.lang.reflect.Method.invoke(Method.java:568)
	at java.base/java.util.ArrayList.forEach(ArrayList.java:1511)
	at java.base/java.util.ArrayList.forEach(ArrayList.java:1511)

com.taskmanager.service.ProjectServiceTest.createProject_WithEmptyDescription_ShouldStillCreate -- Time elapsed: 0.009 s <<< ERROR!
java.lang.NullPointerException: Cannot invoke "com.taskmanager.mapper.ProjectMapper.toEntity(com.taskmanager.dto.ProjectRequest, com.taskmanager.model.User)" because "this.projectMapper" is null
	at com.taskmanager.service.ProjectService.createProject(ProjectService.java:40)
	at com.taskmanager.service.ProjectServiceTest.createProject_WithEmptyDescription_ShouldStillCreate(ProjectServiceTest.java:125)
	at java.base/java.lang.reflect.Method.invoke(Method.java:568)
	at java.base/java.util.ArrayList.forEach(ArrayList.java:1511)
	at java.base/java.util.ArrayList.forEach(ArrayList.java:1511)

com.taskmanager.service.ProjectServiceTest.createProject_WithValidRequest_ShouldCreateAndReturnProject -- Time elapsed: 0.009 s <<< ERROR!
java.lang.NullPointerException: Cannot invoke "com.taskmanager.mapper.ProjectMapper.toEntity(com.taskmanager.dto.ProjectRequest, com.taskmanager.model.User)" because "this.projectMapper" is null
	at com.taskmanager.service.ProjectService.createProject(ProjectService.java:40)
	at com.taskmanager.service.ProjectServiceTest.createProject_WithValidRequest_ShouldCreateAndReturnProject(ProjectServiceTest.java:76)
	at java.base/java.lang.reflect.Method.invoke(Method.java:568)
	at java.base/java.util.ArrayList.forEach(ArrayList.java:1511)
	at java.base/java.util.ArrayList.forEach(ArrayList.java:1511)

com.taskmanager.service.ProjectServiceTest.getProjectById_WithValidProjectAndUser_ShouldReturnProject -- Time elapsed: 0.011 s <<< ERROR!
java.lang.NullPointerException: Cannot invoke "com.taskmanager.mapper.ProjectMapper.toResponse(com.taskmanager.model.Project)" because "this.projectMapper" is null
	at com.taskmanager.service.ProjectService.getProjectById(ProjectService.java:68)
	at com.taskmanager.service.ProjectServiceTest.getProjectById_WithValidProjectAndUser_ShouldReturnProject(ProjectServiceTest.java:198)
	at java.base/java.lang.reflect.Method.invoke(Method.java:568)
	at java.base/java.util.ArrayList.forEach(ArrayList.java:1511)
	at java.base/java.util.ArrayList.forEach(ArrayList.java:1511)

